Using pre-set license
Built from '2021.3/staging' branch; Version is '2021.3.24f1 (cf10dcf7010d) revision 13570268'; Using compiler version '192829333'; Build Type 'Release'
OS: 'Windows 10  (10.0.19045) 64bit Enterprise' Language: 'en' Physical Memory: 16329 MB
BatchMode: 1, IsHumanControllingUs: 0, StartBugReporterOnCrash: 0, Is64bit: 1, IsPro: 1

COMMAND LINE ARGUMENTS:
C:\Program Files\Unity\Hub\Editor\2021.3.24f1\Editor\Unity.exe
-adb2
-batchMode
-noUpm
-name
AssetImportWorker0
-projectPath
C:/Users/Students/Documents/Indie's crap ideas/final take 2
-logFile
Logs/AssetImportWorker0.log
-srvPort
52916
Successfully changed project path to: C:/Users/Students/Documents/Indie's crap ideas/final take 2
C:/Users/Students/Documents/Indie's crap ideas/final take 2
[UnityMemory] Configuration Parameters - Can be set up in boot.config
    "memorysetup-bucket-allocator-granularity=16"
    "memorysetup-bucket-allocator-bucket-count=8"
    "memorysetup-bucket-allocator-block-size=33554432"
    "memorysetup-bucket-allocator-block-count=8"
    "memorysetup-main-allocator-block-size=16777216"
    "memorysetup-thread-allocator-block-size=16777216"
    "memorysetup-gfx-main-allocator-block-size=16777216"
    "memorysetup-gfx-thread-allocator-block-size=16777216"
    "memorysetup-cache-allocator-block-size=4194304"
    "memorysetup-typetree-allocator-block-size=2097152"
    "memorysetup-profiler-bucket-allocator-granularity=16"
    "memorysetup-profiler-bucket-allocator-bucket-count=8"
    "memorysetup-profiler-bucket-allocator-block-size=33554432"
    "memorysetup-profiler-bucket-allocator-block-count=8"
    "memorysetup-profiler-allocator-block-size=16777216"
    "memorysetup-profiler-editor-allocator-block-size=1048576"
    "memorysetup-temp-allocator-size-main=16777216"
    "memorysetup-job-temp-allocator-block-size=2097152"
    "memorysetup-job-temp-allocator-block-size-background=1048576"
    "memorysetup-job-temp-allocator-reduction-small-platforms=262144"
    "memorysetup-temp-allocator-size-background-worker=32768"
    "memorysetup-temp-allocator-size-job-worker=262144"
    "memorysetup-temp-allocator-size-preload-manager=33554432"
    "memorysetup-temp-allocator-size-nav-mesh-worker=65536"
    "memorysetup-temp-allocator-size-audio-worker=65536"
    "memorysetup-temp-allocator-size-cloud-worker=32768"
    "memorysetup-temp-allocator-size-gi-baking-worker=262144"
    "memorysetup-temp-allocator-size-gfx=262144"
Player connection [4740] Host "[IP] 10.44.51.103 [Port] 0 [Flags] 2 [Guid] 3960051533 [EditorId] 3960051533 [Version] 1048832 [Id] WindowsEditor(7,A34610095) [Debug] 1 [PackageName] WindowsEditor [ProjectName] Editor" joined multi-casting on [225.0.0.222:54997]...

Player connection [4740] Host "[IP] 10.44.51.103 [Port] 0 [Flags] 2 [Guid] 3960051533 [EditorId] 3960051533 [Version] 1048832 [Id] WindowsEditor(7,A34610095) [Debug] 1 [PackageName] WindowsEditor [ProjectName] Editor" joined alternative multi-casting on [225.0.0.222:34997]...

Refreshing native plugins compatible for Editor in 25.22 ms, found 2 plugins.
Preloading 0 native plugins for Editor in 0.00 ms.
Initialize engine version: 2021.3.24f1 (cf10dcf7010d)
[Subsystems] Discovering subsystems at path C:/Program Files/Unity/Hub/Editor/2021.3.24f1/Editor/Data/Resources/UnitySubsystems
[Subsystems] Discovering subsystems at path C:/Users/Students/Documents/Indie's crap ideas/final take 2/Assets
GfxDevice: creating device client; threaded=0; jobified=0
Direct3D:
    Version:  Direct3D 11.0 [level 11.1]
    Renderer: NVIDIA GeForce GTX 1070 (ID=0x1b81)
    Vendor:   NVIDIA
    VRAM:     8081 MB
    Driver:   31.0.15.3623
Initialize mono
Mono path[0] = 'C:/Program Files/Unity/Hub/Editor/2021.3.24f1/Editor/Data/Managed'
Mono path[1] = 'C:/Program Files/Unity/Hub/Editor/2021.3.24f1/Editor/Data/MonoBleedingEdge/lib/mono/unityjit-win32'
Mono config path = 'C:/Program Files/Unity/Hub/Editor/2021.3.24f1/Editor/Data/MonoBleedingEdge/etc'
Using monoOptions --debugger-agent=transport=dt_socket,embedding=1,server=y,suspend=n,address=127.0.0.1:56040
Begin MonoManager ReloadAssembly
Registering precompiled unity dll's ...
Register platform support module: C:/Program Files/Unity/Hub/Editor/2021.3.24f1/Editor/Data/PlaybackEngines/AndroidPlayer/UnityEditor.Android.Extensions.dll
Register platform support module: C:/Program Files/Unity/Hub/Editor/2021.3.24f1/Editor/Data/PlaybackEngines/iOSSupport/UnityEditor.iOS.Extensions.dll
Register platform support module: C:/Program Files/Unity/Hub/Editor/2021.3.24f1/Editor/Data/PlaybackEngines/WindowsStandaloneSupport/UnityEditor.WindowsStandalone.Extensions.dll
Registered in 0.009159 seconds.
Native extension for WindowsStandalone target not found
[usbmuxd] Start listen thread
[usbmuxd] Listen thread started
Native extension for iOS target not found
Native extension for Android target not found
Refreshing native plugins compatible for Editor in 22.14 ms, found 2 plugins.
Preloading 0 native plugins for Editor in 0.00 ms.
Mono: successfully reloaded assembly
- Completed reload, in  0.625 seconds
Domain Reload Profiling:
	ReloadAssembly (626ms)
		BeginReloadAssembly (81ms)
			ExecutionOrderSort (0ms)
			DisableScriptedObjects (0ms)
			BackupInstance (0ms)
			ReleaseScriptingObjects (0ms)
			CreateAndSetChildDomain (1ms)
		EndReloadAssembly (451ms)
			LoadAssemblies (79ms)
			RebuildTransferFunctionScriptingTraits (0ms)
			SetupTypeCache (105ms)
			ReleaseScriptCaches (0ms)
			RebuildScriptCaches (27ms)
			SetupLoadedEditorAssemblies (273ms)
				LogAssemblyErrors (0ms)
				InitializePlatformSupportModulesInManaged (95ms)
				SetLoadedEditorAssemblies (0ms)
				RefreshPlugins (22ms)
				BeforeProcessingInitializeOnLoad (1ms)
				ProcessInitializeOnLoadAttributes (104ms)
				ProcessInitializeOnLoadMethodAttributes (50ms)
				AfterProcessingInitializeOnLoad (0ms)
				EditorAssembliesLoaded (0ms)
			ExecutionOrderSort2 (0ms)
			AwakeInstancesAfterBackupRestoration (0ms)
Platform modules already initialized, skipping
Registering precompiled user dll's ...
Registered in 0.002700 seconds.
Begin MonoManager ReloadAssembly
Native extension for WindowsStandalone target not found
Native extension for iOS target not found
Native extension for Android target not found
Refreshing native plugins compatible for Editor in 0.36 ms, found 2 plugins.
Preloading 0 native plugins for Editor in 0.00 ms.
Mono: successfully reloaded assembly
- Completed reload, in  0.802 seconds
Domain Reload Profiling:
	ReloadAssembly (803ms)
		BeginReloadAssembly (111ms)
			ExecutionOrderSort (0ms)
			DisableScriptedObjects (5ms)
			BackupInstance (0ms)
			ReleaseScriptingObjects (0ms)
			CreateAndSetChildDomain (19ms)
		EndReloadAssembly (591ms)
			LoadAssemblies (79ms)
			RebuildTransferFunctionScriptingTraits (0ms)
			SetupTypeCache (174ms)
			ReleaseScriptCaches (0ms)
			RebuildScriptCaches (39ms)
			SetupLoadedEditorAssemblies (260ms)
				LogAssemblyErrors (0ms)
				InitializePlatformSupportModulesInManaged (26ms)
				SetLoadedEditorAssemblies (0ms)
				RefreshPlugins (1ms)
				BeforeProcessingInitializeOnLoad (42ms)
				ProcessInitializeOnLoadAttributes (165ms)
				ProcessInitializeOnLoadMethodAttributes (18ms)
				AfterProcessingInitializeOnLoad (8ms)
				EditorAssembliesLoaded (0ms)
			ExecutionOrderSort2 (0ms)
			AwakeInstancesAfterBackupRestoration (6ms)
Platform modules already initialized, skipping
========================================================================
Worker process is ready to serve import requests
Launched and connected shader compiler UnityShaderCompiler.exe after 0.04 seconds
Refreshing native plugins compatible for Editor in 0.39 ms, found 2 plugins.
Preloading 0 native plugins for Editor in 0.00 ms.
Unloading 1339 Unused Serialized files (Serialized files now loaded: 0)
Unloading 16 unused Assets / (56.4 KB). Loaded Objects now: 1809.
Memory consumption went from 62.2 MB to 62.1 MB.
Total: 4.469900 ms (FindLiveObjects: 0.191500 ms CreateObjectMapping: 0.178200 ms MarkObjects: 3.984900 ms  DeleteObjects: 0.113800 ms)

AssetImportParameters requested are different than current active one (requested -> active):
  custom:video-decoder-ogg-theora: a1e56fd34408186e4bbccfd4996cb3dc -> 
  custom:container-muxer-webm: aa71ff27fc2769a1b78a27578f13a17b -> 
  custom:container-demuxer-webm: 4f35f7cbe854078d1ac9338744f61a02 -> 
  custom:video-encoder-webm-vp8: eb34c28f22e8b96e1ab97ce403110664 -> 
  custom:audio-encoder-webm-vorbis: bf7c407c2cedff20999df2af8eb42d56 -> 
  custom:framework-win-MediaFoundation: 216162199b28c13a410421893ffa2e32 -> 
  custom:container-demuxer-ogg: 62fdf1f143b41e24485cea50d1cbac27 -> 
  custom:video-decoder-webm-vp8: 9c59270c3fd7afecdb556c50c9e8de78 -> 
  custom:audio-decoder-ogg-vorbis: bf7c407c2cedff20999df2af8eb42d56 -> 
========================================================================
Received Import Request.
  Time since last request: 383.612701 seconds.
  path: Assets/scripts
  artifactKey: Guid(fae3118f1d22a7445b2ce7f1736e6809) Importer(815301076,1909f56bfc062723c751e8b465ee728b)
Start importing Assets/scripts using Guid(fae3118f1d22a7445b2ce7f1736e6809) Importer(815301076,1909f56bfc062723c751e8b465ee728b)  -> (artifact id: '435fd6586aadd08facfdfb800f7cd99a') in 0.013116 seconds 
========================================================================
Received Import Request.
  Time since last request: 0.784881 seconds.
  path: Assets/scripts/falling_platform.cs
  artifactKey: Guid(e0bb72c00bcd87444b403312676012c2) Importer(815301076,1909f56bfc062723c751e8b465ee728b)
Start importing Assets/scripts/falling_platform.cs using Guid(e0bb72c00bcd87444b403312676012c2) Importer(815301076,1909f56bfc062723c751e8b465ee728b)  -> (artifact id: '5bd733c4b9c9b35f9c1b8cd3a0d3ab90') in 0.033275 seconds 
========================================================================
Received Import Request.
  Time since last request: 91.710319 seconds.
  path: Assets/scripts/falling_platform.cs
  artifactKey: Guid(e0bb72c00bcd87444b403312676012c2) Importer(815301076,1909f56bfc062723c751e8b465ee728b)
Start importing Assets/scripts/falling_platform.cs using Guid(e0bb72c00bcd87444b403312676012c2) Importer(815301076,1909f56bfc062723c751e8b465ee728b)  -> (artifact id: 'eea1fac6ec7e4a82462ac72ef5d39ea0') in 0.002511 seconds 
========================================================================
Received Prepare
Registering precompiled user dll's ...
Registered in 0.002936 seconds.
Begin MonoManager ReloadAssembly
Native extension for WindowsStandalone target not found
Native extension for iOS target not found
Native extension for Android target not found
Refreshing native plugins compatible for Editor in 0.23 ms, found 2 plugins.
Preloading 0 native plugins for Editor in 0.00 ms.
Mono: successfully reloaded assembly
- Completed reload, in  0.948 seconds
Domain Reload Profiling:
	ReloadAssembly (949ms)
		BeginReloadAssembly (126ms)
			ExecutionOrderSort (0ms)
			DisableScriptedObjects (5ms)
			BackupInstance (0ms)
			ReleaseScriptingObjects (0ms)
			CreateAndSetChildDomain (30ms)
		EndReloadAssembly (733ms)
			LoadAssemblies (79ms)
			RebuildTransferFunctionScriptingTraits (0ms)
			SetupTypeCache (217ms)
			ReleaseScriptCaches (1ms)
			RebuildScriptCaches (48ms)
			SetupLoadedEditorAssemblies (308ms)
				LogAssemblyErrors (0ms)
				InitializePlatformSupportModulesInManaged (39ms)
				SetLoadedEditorAssemblies (0ms)
				RefreshPlugins (0ms)
				BeforeProcessingInitializeOnLoad (50ms)
				ProcessInitializeOnLoadAttributes (194ms)
				ProcessInitializeOnLoadMethodAttributes (16ms)
				AfterProcessingInitializeOnLoad (8ms)
				EditorAssembliesLoaded (0ms)
			ExecutionOrderSort2 (0ms)
			AwakeInstancesAfterBackupRestoration (6ms)
Platform modules already initialized, skipping
Refreshing native plugins compatible for Editor in 0.86 ms, found 2 plugins.
Preloading 0 native plugins for Editor in 0.00 ms.
Unloading 1333 Unused Serialized files (Serialized files now loaded: 0)
Unloading 9 unused Assets / (24.7 KB). Loaded Objects now: 1812.
Memory consumption went from 61.8 MB to 61.8 MB.
Total: 2.420300 ms (FindLiveObjects: 0.122000 ms CreateObjectMapping: 0.046500 ms MarkObjects: 2.233400 ms  DeleteObjects: 0.017600 ms)

AssetImportParameters requested are different than current active one (requested -> active):
  custom:video-decoder-ogg-theora: a1e56fd34408186e4bbccfd4996cb3dc -> 
  custom:container-muxer-webm: aa71ff27fc2769a1b78a27578f13a17b -> 
  custom:container-demuxer-webm: 4f35f7cbe854078d1ac9338744f61a02 -> 
  custom:video-encoder-webm-vp8: eb34c28f22e8b96e1ab97ce403110664 -> 
  custom:audio-encoder-webm-vorbis: bf7c407c2cedff20999df2af8eb42d56 -> 
  custom:framework-win-MediaFoundation: 216162199b28c13a410421893ffa2e32 -> 
  custom:container-demuxer-ogg: 62fdf1f143b41e24485cea50d1cbac27 -> 
  custom:video-decoder-webm-vp8: 9c59270c3fd7afecdb556c50c9e8de78 -> 
  custom:audio-decoder-ogg-vorbis: bf7c407c2cedff20999df2af8eb42d56 -> 
========================================================================
Received Import Request.
  Time since last request: 230.386114 seconds.
  path: Assets/scripts/falling_platform.cs
  artifactKey: Guid(e0bb72c00bcd87444b403312676012c2) Importer(815301076,1909f56bfc062723c751e8b465ee728b)
Start importing Assets/scripts/falling_platform.cs using Guid(e0bb72c00bcd87444b403312676012c2) Importer(815301076,1909f56bfc062723c751e8b465ee728b)  -> (artifact id: 'e5adfadfb0f9410e96879c969f7db6cf') in 0.003722 seconds 
========================================================================
Received Prepare
Registering precompiled user dll's ...
Registered in 0.002273 seconds.
Begin MonoManager ReloadAssembly
Native extension for WindowsStandalone target not found
Native extension for iOS target not found
Native extension for Android target not found
Refreshing native plugins compatible for Editor in 0.43 ms, found 2 plugins.
Preloading 0 native plugins for Editor in 0.00 ms.
Mono: successfully reloaded assembly
- Completed reload, in  0.842 seconds
Domain Reload Profiling:
	ReloadAssembly (843ms)
		BeginReloadAssembly (120ms)
			ExecutionOrderSort (0ms)
			DisableScriptedObjects (7ms)
			BackupInstance (0ms)
			ReleaseScriptingObjects (0ms)
			CreateAndSetChildDomain (25ms)
		EndReloadAssembly (627ms)
			LoadAssemblies (78ms)
			RebuildTransferFunctionScriptingTraits (0ms)
			SetupTypeCache (159ms)
			ReleaseScriptCaches (1ms)
			RebuildScriptCaches (35ms)
			SetupLoadedEditorAssemblies (298ms)
				LogAssemblyErrors (0ms)
				InitializePlatformSupportModulesInManaged (32ms)
				SetLoadedEditorAssemblies (1ms)
				RefreshPlugins (0ms)
				BeforeProcessingInitializeOnLoad (50ms)
				ProcessInitializeOnLoadAttributes (183ms)
				ProcessInitializeOnLoadMethodAttributes (22ms)
				AfterProcessingInitializeOnLoad (11ms)
				EditorAssembliesLoaded (0ms)
			ExecutionOrderSort2 (0ms)
			AwakeInstancesAfterBackupRestoration (7ms)
Platform modules already initialized, skipping
Refreshing native plugins compatible for Editor in 1.27 ms, found 2 plugins.
Preloading 0 native plugins for Editor in 0.00 ms.
Unloading 1333 Unused Serialized files (Serialized files now loaded: 0)
Unloading 9 unused Assets / (24.6 KB). Loaded Objects now: 1815.
Memory consumption went from 61.8 MB to 61.8 MB.
Total: 2.264700 ms (FindLiveObjects: 0.121900 ms CreateObjectMapping: 0.050200 ms MarkObjects: 2.074600 ms  DeleteObjects: 0.017100 ms)

AssetImportParameters requested are different than current active one (requested -> active):
  custom:video-decoder-ogg-theora: a1e56fd34408186e4bbccfd4996cb3dc -> 
  custom:container-muxer-webm: aa71ff27fc2769a1b78a27578f13a17b -> 
  custom:container-demuxer-webm: 4f35f7cbe854078d1ac9338744f61a02 -> 
  custom:video-encoder-webm-vp8: eb34c28f22e8b96e1ab97ce403110664 -> 
  custom:audio-encoder-webm-vorbis: bf7c407c2cedff20999df2af8eb42d56 -> 
  custom:framework-win-MediaFoundation: 216162199b28c13a410421893ffa2e32 -> 
  custom:container-demuxer-ogg: 62fdf1f143b41e24485cea50d1cbac27 -> 
  custom:video-decoder-webm-vp8: 9c59270c3fd7afecdb556c50c9e8de78 -> 
  custom:audio-decoder-ogg-vorbis: bf7c407c2cedff20999df2af8eb42d56 -> 
========================================================================
Received Prepare
Registering precompiled user dll's ...
Registered in 0.002432 seconds.
Begin MonoManager ReloadAssembly
Native extension for WindowsStandalone target not found
Native extension for iOS target not found
Native extension for Android target not found
Refreshing native plugins compatible for Editor in 0.52 ms, found 2 plugins.
Preloading 0 native plugins for Editor in 0.00 ms.
Mono: successfully reloaded assembly
- Completed reload, in  0.858 seconds
Domain Reload Profiling:
	ReloadAssembly (858ms)
		BeginReloadAssembly (127ms)
			ExecutionOrderSort (0ms)
			DisableScriptedObjects (5ms)
			BackupInstance (0ms)
			ReleaseScriptingObjects (0ms)
			CreateAndSetChildDomain (29ms)
		EndReloadAssembly (636ms)
			LoadAssemblies (80ms)
			RebuildTransferFunctionScriptingTraits (0ms)
			SetupTypeCache (166ms)
			ReleaseScriptCaches (1ms)
			RebuildScriptCaches (36ms)
			SetupLoadedEditorAssemblies (300ms)
				LogAssemblyErrors (0ms)
				InitializePlatformSupportModulesInManaged (25ms)
				SetLoadedEditorAssemblies (0ms)
				RefreshPlugins (1ms)
				BeforeProcessingInitializeOnLoad (42ms)
				ProcessInitializeOnLoadAttributes (200ms)
				ProcessInitializeOnLoadMethodAttributes (22ms)
				AfterProcessingInitializeOnLoad (10ms)
				EditorAssembliesLoaded (0ms)
			ExecutionOrderSort2 (0ms)
			AwakeInstancesAfterBackupRestoration (8ms)
Platform modules already initialized, skipping
Refreshing native plugins compatible for Editor in 0.90 ms, found 2 plugins.
Preloading 0 native plugins for Editor in 0.00 ms.
Unloading 1333 Unused Serialized files (Serialized files now loaded: 0)
Unloading 9 unused Assets / (24.6 KB). Loaded Objects now: 1818.
Memory consumption went from 61.8 MB to 61.8 MB.
Total: 2.050100 ms (FindLiveObjects: 0.119600 ms CreateObjectMapping: 0.045100 ms MarkObjects: 1.859800 ms  DeleteObjects: 0.024700 ms)

AssetImportParameters requested are different than current active one (requested -> active):
  custom:video-decoder-ogg-theora: a1e56fd34408186e4bbccfd4996cb3dc -> 
  custom:container-muxer-webm: aa71ff27fc2769a1b78a27578f13a17b -> 
  custom:container-demuxer-webm: 4f35f7cbe854078d1ac9338744f61a02 -> 
  custom:video-encoder-webm-vp8: eb34c28f22e8b96e1ab97ce403110664 -> 
  custom:audio-encoder-webm-vorbis: bf7c407c2cedff20999df2af8eb42d56 -> 
  custom:framework-win-MediaFoundation: 216162199b28c13a410421893ffa2e32 -> 
  custom:container-demuxer-ogg: 62fdf1f143b41e24485cea50d1cbac27 -> 
  custom:video-decoder-webm-vp8: 9c59270c3fd7afecdb556c50c9e8de78 -> 
  custom:audio-decoder-ogg-vorbis: bf7c407c2cedff20999df2af8eb42d56 -> 
========================================================================
Received Import Request.
  Time since last request: 514.573677 seconds.
  path: Assets/scripts/falling_platform.cs
  artifactKey: Guid(e0bb72c00bcd87444b403312676012c2) Importer(815301076,1909f56bfc062723c751e8b465ee728b)
Start importing Assets/scripts/falling_platform.cs using Guid(e0bb72c00bcd87444b403312676012c2) Importer(815301076,1909f56bfc062723c751e8b465ee728b)  -> (artifact id: '7cc2583e4a7ac7d893e7db5c99fd74d4') in 0.004106 seconds 
========================================================================
Received Prepare
Registering precompiled user dll's ...
Registered in 0.003029 seconds.
Begin MonoManager ReloadAssembly
Native extension for WindowsStandalone target not found
Native extension for iOS target not found
Native extension for Android target not found
Refreshing native plugins compatible for Editor in 0.50 ms, found 2 plugins.
Preloading 0 native plugins for Editor in 0.00 ms.
Mono: successfully reloaded assembly
- Completed reload, in  0.907 seconds
Domain Reload Profiling:
	ReloadAssembly (908ms)
		BeginReloadAssembly (133ms)
			ExecutionOrderSort (0ms)
			DisableScriptedObjects (5ms)
			BackupInstance (0ms)
			ReleaseScriptingObjects (0ms)
			CreateAndSetChildDomain (26ms)
		EndReloadAssembly (688ms)
			LoadAssemblies (90ms)
			RebuildTransferFunctionScriptingTraits (0ms)
			SetupTypeCache (183ms)
			ReleaseScriptCaches (1ms)
			RebuildScriptCaches (36ms)
			SetupLoadedEditorAssemblies (321ms)
				LogAssemblyErrors (0ms)
				InitializePlatformSupportModulesInManaged (34ms)
				SetLoadedEditorAssemblies (0ms)
				RefreshPlugins (1ms)
				BeforeProcessingInitializeOnLoad (51ms)
				ProcessInitializeOnLoadAttributes (198ms)
				ProcessInitializeOnLoadMethodAttributes (26ms)
				AfterProcessingInitializeOnLoad (11ms)
				EditorAssembliesLoaded (0ms)
			ExecutionOrderSort2 (0ms)
			AwakeInstancesAfterBackupRestoration (8ms)
Platform modules already initialized, skipping
Refreshing native plugins compatible for Editor in 1.06 ms, found 2 plugins.
Preloading 0 native plugins for Editor in 0.00 ms.
Unloading 1333 Unused Serialized files (Serialized files now loaded: 0)
Unloading 9 unused Assets / (24.6 KB). Loaded Objects now: 1821.
Memory consumption went from 61.8 MB to 61.8 MB.
Total: 2.430200 ms (FindLiveObjects: 0.140200 ms CreateObjectMapping: 0.056300 ms MarkObjects: 2.213800 ms  DeleteObjects: 0.018900 ms)

AssetImportParameters requested are different than current active one (requested -> active):
  custom:video-decoder-ogg-theora: a1e56fd34408186e4bbccfd4996cb3dc -> 
  custom:container-muxer-webm: aa71ff27fc2769a1b78a27578f13a17b -> 
  custom:container-demuxer-webm: 4f35f7cbe854078d1ac9338744f61a02 -> 
  custom:video-encoder-webm-vp8: eb34c28f22e8b96e1ab97ce403110664 -> 
  custom:audio-encoder-webm-vorbis: bf7c407c2cedff20999df2af8eb42d56 -> 
  custom:framework-win-MediaFoundation: 216162199b28c13a410421893ffa2e32 -> 
  custom:container-demuxer-ogg: 62fdf1f143b41e24485cea50d1cbac27 -> 
  custom:video-decoder-webm-vp8: 9c59270c3fd7afecdb556c50c9e8de78 -> 
  custom:audio-decoder-ogg-vorbis: bf7c407c2cedff20999df2af8eb42d56 -> 
========================================================================
Received Import Request.
  Time since last request: 278.924983 seconds.
  path: Assets
  artifactKey: Guid(00000000000000001000000000000000) Importer(815301076,1909f56bfc062723c751e8b465ee728b)
Start importing Assets using Guid(00000000000000001000000000000000) Importer(815301076,1909f56bfc062723c751e8b465ee728b)  -> (artifact id: '79842766b460edbeab6a34051e857a80') in 0.029844 seconds 
========================================================================
Received Import Request.
  Time since last request: 6.299653 seconds.
  path: Assets/prfabs
  artifactKey: Guid(4a1981669ab3b504f93f9ffb3ba8d07f) Importer(815301076,1909f56bfc062723c751e8b465ee728b)
Start importing Assets/prfabs using Guid(4a1981669ab3b504f93f9ffb3ba8d07f) Importer(815301076,1909f56bfc062723c751e8b465ee728b)  -> (artifact id: 'c7557fb4b18385a1e36646088c83121c') in 0.006323 seconds 
========================================================================
Received Import Request.
  Time since last request: 5.766439 seconds.
  path: Assets/modles
  artifactKey: Guid(d25845ee9628b1a46a9194a3808a830e) Importer(815301076,1909f56bfc062723c751e8b465ee728b)
Start importing Assets/modles using Guid(d25845ee9628b1a46a9194a3808a830e) Importer(815301076,1909f56bfc062723c751e8b465ee728b)  -> (artifact id: '1959631f1f49ec21a3e1e53c4304aa06') in 0.006654 seconds 
========================================================================
Received Import Request.
  Time since last request: 5.206722 seconds.
  path: Assets/textures
  artifactKey: Guid(1fafa7fc5f5441b4dad20bb387010840) Importer(815301076,1909f56bfc062723c751e8b465ee728b)
Start importing Assets/textures using Guid(1fafa7fc5f5441b4dad20bb387010840) Importer(815301076,1909f56bfc062723c751e8b465ee728b)  -> (artifact id: '2304b8c00b34581e363067c88a9ef231') in 0.006448 seconds 
========================================================================
Received Import Request.
  Time since last request: 93.723901 seconds.
  path: Assets/textures/textures
  artifactKey: Guid(4202fce758307da418e7d9cb13c44e21) Importer(815301076,1909f56bfc062723c751e8b465ee728b)
Start importing Assets/textures/textures using Guid(4202fce758307da418e7d9cb13c44e21) Importer(815301076,1909f56bfc062723c751e8b465ee728b)  -> (artifact id: 'ead528f7a779635b3255e140b54664d6') in 0.002011 seconds 
========================================================================
Received Import Request.
  Time since last request: 0.061869 seconds.
  path: Assets/textures/textures/tex1_64x64_m_4f785a7668e39a48_14.png
  artifactKey: Guid(f5968c93eb572bf41a5b489c89296a3e) Importer(815301076,1909f56bfc062723c751e8b465ee728b)
Start importing Assets/textures/textures/tex1_64x64_m_4f785a7668e39a48_14.png using Guid(f5968c93eb572bf41a5b489c89296a3e) Importer(815301076,1909f56bfc062723c751e8b465ee728b)  -> (artifact id: '2c1b92a8ef459fa99918707903233d1c') in 0.056916 seconds 
========================================================================
Received Import Request.
  Time since last request: 0.000016 seconds.
  path: Assets/textures/textures/tex1_128x128_m_4daecf5e7dd03cf4_14.png
  artifactKey: Guid(ac9a145bce71c7749920911e2f1ce0f4) Importer(815301076,1909f56bfc062723c751e8b465ee728b)
Start importing Assets/textures/textures/tex1_128x128_m_4daecf5e7dd03cf4_14.png using Guid(ac9a145bce71c7749920911e2f1ce0f4) Importer(815301076,1909f56bfc062723c751e8b465ee728b)  -> (artifact id: '341170848535e3e6f606771242c9e647') in 0.016302 seconds 
========================================================================
Received Import Request.
  Time since last request: 0.000019 seconds.
  path: Assets/textures/textures/tex1_128x128_m_3c4da698bdbe3786_14.png
  artifactKey: Guid(cf20b1471a5e4e842880973cace07faa) Importer(815301076,1909f56bfc062723c751e8b465ee728b)
Start importing Assets/textures/textures/tex1_128x128_m_3c4da698bdbe3786_14.png using Guid(cf20b1471a5e4e842880973cace07faa) Importer(815301076,1909f56bfc062723c751e8b465ee728b)  -> (artifact id: '060ccabbd4a85211446310b3942e24ff') in 0.014505 seconds 
========================================================================
Received Import Request.
  Time since last request: 22.458197 seconds.
  path: Assets/textures/floating platform
  artifactKey: Guid(4202fce758307da418e7d9cb13c44e21) Importer(815301076,1909f56bfc062723c751e8b465ee728b)
Start importing Assets/textures/floating platform using Guid(4202fce758307da418e7d9cb13c44e21) Importer(815301076,1909f56bfc062723c751e8b465ee728b)  -> (artifact id: '450b3bec7f5fd288334aac98bd5c64d6') in 0.007594 seconds 
========================================================================
Received Import Request.
  Time since last request: 4.108870 seconds.
  path: Assets/modles/source
  artifactKey: Guid(b3995356df1ba7349adc9d61ede4b78f) Importer(815301076,1909f56bfc062723c751e8b465ee728b)
Start importing Assets/modles/source using Guid(b3995356df1ba7349adc9d61ede4b78f) Importer(815301076,1909f56bfc062723c751e8b465ee728b)  -> (artifact id: '4110f1a15d24d67bf7c6b0eb7afc85cc') in 0.007343 seconds 
========================================================================
Received Import Request.
  Time since last request: 1.990623 seconds.
  path: Assets/modles/source/CMDL_034BF8BF.zip
  artifactKey: Guid(735a7b396e6a749419616f4eb0d6c1cb) Importer(815301076,1909f56bfc062723c751e8b465ee728b)
Start importing Assets/modles/source/CMDL_034BF8BF.zip using Guid(735a7b396e6a749419616f4eb0d6c1cb) Importer(815301076,1909f56bfc062723c751e8b465ee728b)  -> (artifact id: 'd559d753048c5de94e6273249e3cbf07') in 0.012242 seconds 
========================================================================
Received Import Request.
  Time since last request: 20.835840 seconds.
  path: Assets/modles/source/CMDL_034BF8BF.fbx
  artifactKey: Guid(bc8d6df88ea8a8c4097e76258a83fecc) Importer(815301076,1909f56bfc062723c751e8b465ee728b)
Start importing Assets/modles/source/CMDL_034BF8BF.fbx using Guid(bc8d6df88ea8a8c4097e76258a83fecc) Importer(815301076,1909f56bfc062723c751e8b465ee728b)  -> (artifact id: 'b7d37845fb13cc386913e3f0868e22a3') in 0.221928 seconds 
========================================================================
Received Import Request.
  Time since last request: 91.313904 seconds.
  path: Assets/matirial/obstical.mat
  artifactKey: Guid(a80e266bed4c9524aba827b8900fb61c) Importer(815301076,1909f56bfc062723c751e8b465ee728b)
Start importing Assets/matirial/obstical.mat using Guid(a80e266bed4c9524aba827b8900fb61c) Importer(815301076,1909f56bfc062723c751e8b465ee728b)  -> (artifact id: '82667e3b36ef93e59c23f8c570dbd95a') in 0.025552 seconds 
========================================================================
Received Import Request.
  Time since last request: 39.604197 seconds.
  path: Assets/textures/floating platform/New Material.mat
  artifactKey: Guid(6a01371c0d5e214438f80410767dcb1e) Importer(815301076,1909f56bfc062723c751e8b465ee728b)
Start importing Assets/textures/floating platform/New Material.mat using Guid(6a01371c0d5e214438f80410767dcb1e) Importer(815301076,1909f56bfc062723c751e8b465ee728b)  -> (artifact id: 'e4951d3fc322091cf7bd88e75e679e0b') in 0.011989 seconds 
========================================================================
Received Import Request.
  Time since last request: 81.278941 seconds.
  path: Assets/modles/source/source
  artifactKey: Guid(3420ac46db369024aa33c201210d85b8) Importer(815301076,1909f56bfc062723c751e8b465ee728b)
Start importing Assets/modles/source/source using Guid(3420ac46db369024aa33c201210d85b8) Importer(815301076,1909f56bfc062723c751e8b465ee728b)  -> (artifact id: '939b13262d3d289fd4ada854ab2e353b') in 0.002138 seconds 
========================================================================
Received Import Request.
  Time since last request: 0.202010 seconds.
  path: Assets/modles/source/source/CMDL_034BF8BF.fbx
  artifactKey: Guid(2c64ad5f904cc0f41b710d32681c634f) Importer(815301076,1909f56bfc062723c751e8b465ee728b)
Start importing Assets/modles/source/source/CMDL_034BF8BF.fbx using Guid(2c64ad5f904cc0f41b710d32681c634f) Importer(815301076,1909f56bfc062723c751e8b465ee728b)  -> (artifact id: '6bd1a89e2df142cef97065427d51d3f3') in 0.061318 seconds 
========================================================================
Received Import Request.
  Time since last request: 0.000034 seconds.
  path: Assets/modles/source/source/tex1_128x128_m_4daecf5e7dd03cf4_14.png
  artifactKey: Guid(b4b46fb678981d740999fc0bdc87b09e) Importer(815301076,1909f56bfc062723c751e8b465ee728b)
Start importing Assets/modles/source/source/tex1_128x128_m_4daecf5e7dd03cf4_14.png using Guid(b4b46fb678981d740999fc0bdc87b09e) Importer(815301076,1909f56bfc062723c751e8b465ee728b)  -> (artifact id: '4338a9184f9419eb762e26df33f8dc66') in 0.012638 seconds 
========================================================================
Received Import Request.
  Time since last request: 25.469783 seconds.
  path: Assets/modles/source/textures/tex1_64x64_m_4f785a7668e39a48_14.png
  artifactKey: Guid(575542bb7116c40448fa98f930e0c8aa) Importer(815301076,1909f56bfc062723c751e8b465ee728b)
Start importing Assets/modles/source/textures/tex1_64x64_m_4f785a7668e39a48_14.png using Guid(575542bb7116c40448fa98f930e0c8aa) Importer(815301076,1909f56bfc062723c751e8b465ee728b)  -> (artifact id: '67c0c90c7356916beece5e3d5ac624e1') in 0.010399 seconds 
========================================================================
Received Import Request.
  Time since last request: 0.000014 seconds.
  path: Assets/modles/source/textures/tex1_128x128_m_3c4da698bdbe3786_14.png
  artifactKey: Guid(48768feff3f1bfe4cb5dffffdaa7b931) Importer(815301076,1909f56bfc062723c751e8b465ee728b)
Start importing Assets/modles/source/textures/tex1_128x128_m_3c4da698bdbe3786_14.png using Guid(48768feff3f1bfe4cb5dffffdaa7b931) Importer(815301076,1909f56bfc062723c751e8b465ee728b)  -> (artifact id: 'c8884d49487f897b6fa905e6fef24b40') in 0.011129 seconds 
========================================================================
Received Prepare
Registering precompiled user dll's ...
Registered in 0.002194 seconds.
Begin MonoManager ReloadAssembly
Native extension for WindowsStandalone target not found
Native extension for iOS target not found
Native extension for Android target not found
Refreshing native plugins compatible for Editor in 0.53 ms, found 2 plugins.
Preloading 0 native plugins for Editor in 0.00 ms.
Mono: successfully reloaded assembly
- Completed reload, in  0.806 seconds
Domain Reload Profiling:
	ReloadAssembly (806ms)
		BeginReloadAssembly (124ms)
			ExecutionOrderSort (0ms)
			DisableScriptedObjects (4ms)
			BackupInstance (0ms)
			ReleaseScriptingObjects (0ms)
			CreateAndSetChildDomain (29ms)
		EndReloadAssembly (592ms)
			LoadAssemblies (75ms)
			RebuildTransferFunctionScriptingTraits (0ms)
			SetupTypeCache (155ms)
			ReleaseScriptCaches (1ms)
			RebuildScriptCaches (36ms)
			SetupLoadedEditorAssemblies (276ms)
				LogAssemblyErrors (0ms)
				InitializePlatformSupportModulesInManaged (23ms)
				SetLoadedEditorAssemblies (1ms)
				RefreshPlugins (1ms)
				BeforeProcessingInitializeOnLoad (40ms)
				ProcessInitializeOnLoadAttributes (180ms)
				ProcessInitializeOnLoadMethodAttributes (22ms)
				AfterProcessingInitializeOnLoad (9ms)
				EditorAssembliesLoaded (0ms)
			ExecutionOrderSort2 (0ms)
			AwakeInstancesAfterBackupRestoration (7ms)
Platform modules already initialized, skipping
Refreshing native plugins compatible for Editor in 1.18 ms, found 2 plugins.
Preloading 0 native plugins for Editor in 0.00 ms.
Unloading 1333 Unused Serialized files (Serialized files now loaded: 0)
Unloading 9 unused Assets / (24.6 KB). Loaded Objects now: 1869.
Memory consumption went from 66.2 MB to 66.2 MB.
Total: 2.696700 ms (FindLiveObjects: 0.137400 ms CreateObjectMapping: 0.055600 ms MarkObjects: 2.484700 ms  DeleteObjects: 0.018000 ms)

AssetImportParameters requested are different than current active one (requested -> active):
  custom:video-decoder-ogg-theora: a1e56fd34408186e4bbccfd4996cb3dc -> 
  custom:container-muxer-webm: aa71ff27fc2769a1b78a27578f13a17b -> 
  custom:container-demuxer-webm: 4f35f7cbe854078d1ac9338744f61a02 -> 
  custom:video-encoder-webm-vp8: eb34c28f22e8b96e1ab97ce403110664 -> 
  custom:audio-encoder-webm-vorbis: bf7c407c2cedff20999df2af8eb42d56 -> 
  custom:framework-win-MediaFoundation: 216162199b28c13a410421893ffa2e32 -> 
  custom:container-demuxer-ogg: 62fdf1f143b41e24485cea50d1cbac27 -> 
  custom:video-decoder-webm-vp8: 9c59270c3fd7afecdb556c50c9e8de78 -> 
  custom:audio-decoder-ogg-vorbis: bf7c407c2cedff20999df2af8eb42d56 -> 
========================================================================
Received Import Request.
  Time since last request: 77.631892 seconds.
  path: Assets/matirial/floor.mat
  artifactKey: Guid(92adec27a69377c4686cadc99526405f) Importer(815301076,1909f56bfc062723c751e8b465ee728b)
Start importing Assets/matirial/floor.mat using Guid(92adec27a69377c4686cadc99526405f) Importer(815301076,1909f56bfc062723c751e8b465ee728b)  -> (artifact id: '872f858913f30bb75f232acb55a1ca45') in 0.079233 seconds 
========================================================================
Received Import Request.
  Time since last request: 126.252642 seconds.
  path: Assets/modles/source/source/tex1_64x64_m_4f785a7668e39a48_14.png
  artifactKey: Guid(d2dd5ad4b6b13e641ac94d2516b5b343) Importer(815301076,1909f56bfc062723c751e8b465ee728b)
Start importing Assets/modles/source/source/tex1_64x64_m_4f785a7668e39a48_14.png using Guid(d2dd5ad4b6b13e641ac94d2516b5b343) Importer(815301076,1909f56bfc062723c751e8b465ee728b)  -> (artifact id: '90a9f49d549ad8b14a6554c6f84f345b') in 0.032856 seconds 
========================================================================
Received Import Request.
  Time since last request: 40.204054 seconds.
  path: Assets/modles/source/source/tex1_64x64_m_4f785a7668e39a48_14.png
  artifactKey: Guid(d2dd5ad4b6b13e641ac94d2516b5b343) Importer(815301076,1909f56bfc062723c751e8b465ee728b)
Start importing Assets/modles/source/source/tex1_64x64_m_4f785a7668e39a48_14.png using Guid(d2dd5ad4b6b13e641ac94d2516b5b343) Importer(815301076,1909f56bfc062723c751e8b465ee728b)  -> (artifact id: '0014f7bd31effa46d561d13715456e6c') in 0.028697 seconds 
========================================================================
Received Import Request.
  Time since last request: 12.075577 seconds.
  path: Assets/modles/source/source/tex1_64x64_m_4f785a7668e39a48_14.png
  artifactKey: Guid(d2dd5ad4b6b13e641ac94d2516b5b343) Importer(815301076,1909f56bfc062723c751e8b465ee728b)
Start importing Assets/modles/source/source/tex1_64x64_m_4f785a7668e39a48_14.png using Guid(d2dd5ad4b6b13e641ac94d2516b5b343) Importer(815301076,1909f56bfc062723c751e8b465ee728b)  -> (artifact id: 'a1258699270a1e7f592c6206e850d476') in 0.013284 seconds 
========================================================================
Received Import Request.
  Time since last request: 15.998142 seconds.
  path: Assets/modles/source/source/tex1_64x64_m_4f785a7668e39a48_14.png
  artifactKey: Guid(d2dd5ad4b6b13e641ac94d2516b5b343) Importer(815301076,1909f56bfc062723c751e8b465ee728b)
Start importing Assets/modles/source/source/tex1_64x64_m_4f785a7668e39a48_14.png using Guid(d2dd5ad4b6b13e641ac94d2516b5b343) Importer(815301076,1909f56bfc062723c751e8b465ee728b)  -> (artifact id: '4e47837ca756a0d75241c95c08950f74') in 0.009149 seconds 
========================================================================
Received Import Request.
  Time since last request: 142.529769 seconds.
  path: Assets/modles/source/source/Materials
  artifactKey: Guid(94d2a0d8105602b41aaed2aab2e3a3f6) Importer(815301076,1909f56bfc062723c751e8b465ee728b)
Start importing Assets/modles/source/source/Materials using Guid(94d2a0d8105602b41aaed2aab2e3a3f6) Importer(815301076,1909f56bfc062723c751e8b465ee728b)  -> (artifact id: '82be04a1ca2d09644033e87beb0b3034') in 0.008268 seconds 
========================================================================
Received Import Request.
  Time since last request: 0.139815 seconds.
  path: Assets/modles/source/source/Materials/tex1_64x64_m_4f785a7668e39a48_14.mat
  artifactKey: Guid(18d65b7607da3ed4ab2d06437c48ec48) Importer(815301076,1909f56bfc062723c751e8b465ee728b)
Start importing Assets/modles/source/source/Materials/tex1_64x64_m_4f785a7668e39a48_14.mat using Guid(18d65b7607da3ed4ab2d06437c48ec48) Importer(815301076,1909f56bfc062723c751e8b465ee728b)  -> (artifact id: '9badaad349ee511562c1175ac4d2a46e') in 0.010823 seconds 
========================================================================
Received Import Request.
  Time since last request: 39.389261 seconds.
  path: Assets/modles/source/source/tex1_128x64_m_bc439e3a357c3d8c_14.png
  artifactKey: Guid(da805add521604b438f7fd61eb30b227) Importer(815301076,1909f56bfc062723c751e8b465ee728b)
Start importing Assets/modles/source/source/tex1_128x64_m_bc439e3a357c3d8c_14.png using Guid(da805add521604b438f7fd61eb30b227) Importer(815301076,1909f56bfc062723c751e8b465ee728b)  -> (artifact id: 'fcf369d7100ebcad9cd0606b3c08b325') in 0.025853 seconds 
========================================================================
Received Import Request.
  Time since last request: 7.737852 seconds.
  path: Assets/modles/source/source/Materials/tex1_128x64_m_bc439e3a357c3d8c_14.mat
  artifactKey: Guid(8dc2bf2e879ddbf41aff469cf6200856) Importer(815301076,1909f56bfc062723c751e8b465ee728b)
Start importing Assets/modles/source/source/Materials/tex1_128x64_m_bc439e3a357c3d8c_14.mat using Guid(8dc2bf2e879ddbf41aff469cf6200856) Importer(815301076,1909f56bfc062723c751e8b465ee728b)  -> (artifact id: '69167b57a8f9c045acde8e01843962fb') in 0.012258 seconds 
========================================================================
Received Import Request.
  Time since last request: 7.458821 seconds.
  path: Assets/modles/source/source/tex1_128x128_m_3c4da698bdbe3786_14.png
  artifactKey: Guid(c02e8c8156967a64590772bd7cd2cc66) Importer(815301076,1909f56bfc062723c751e8b465ee728b)
Start importing Assets/modles/source/source/tex1_128x128_m_3c4da698bdbe3786_14.png using Guid(c02e8c8156967a64590772bd7cd2cc66) Importer(815301076,1909f56bfc062723c751e8b465ee728b)  -> (artifact id: '60d0299ea86564b89ce10dd8001dfe12') in 0.038021 seconds 
========================================================================
Received Import Request.
  Time since last request: 4.617410 seconds.
  path: Assets/modles/source/source/tex1_128x128_m_4daecf5e7dd03cf4_14.png
  artifactKey: Guid(b4b46fb678981d740999fc0bdc87b09e) Importer(815301076,1909f56bfc062723c751e8b465ee728b)
Start importing Assets/modles/source/source/tex1_128x128_m_4daecf5e7dd03cf4_14.png using Guid(b4b46fb678981d740999fc0bdc87b09e) Importer(815301076,1909f56bfc062723c751e8b465ee728b)  -> (artifact id: '9bcfbbc6ba7d3d519eb7940f969d5b10') in 0.036037 seconds 
========================================================================
Received Import Request.
  Time since last request: 10.698166 seconds.
  path: Assets/modles/source/source/Materials/tex1_128x128_m_3c4da698bdbe3786_14.mat
  artifactKey: Guid(ae6ec11acf75e5c4689006ff683b2d71) Importer(815301076,1909f56bfc062723c751e8b465ee728b)
Start importing Assets/modles/source/source/Materials/tex1_128x128_m_3c4da698bdbe3786_14.mat using Guid(ae6ec11acf75e5c4689006ff683b2d71) Importer(815301076,1909f56bfc062723c751e8b465ee728b)  -> (artifact id: '51fc42566dccdfb7509814a42c5b7ba6') in 0.020304 seconds 
========================================================================
Received Import Request.
  Time since last request: 143.446756 seconds.
  path: Assets/modles/source/source/Materials/tex1_128x128_m_4daecf5e7dd03cf4_14.mat
  artifactKey: Guid(03fd6c24740215b43ae0e5271ec89617) Importer(815301076,1909f56bfc062723c751e8b465ee728b)
Start importing Assets/modles/source/source/Materials/tex1_128x128_m_4daecf5e7dd03cf4_14.mat using Guid(03fd6c24740215b43ae0e5271ec89617) Importer(815301076,1909f56bfc062723c751e8b465ee728b)  -> (artifact id: '1d72639a47673eb1db92e2b4de5f0f25') in 0.010568 seconds 
========================================================================
Received Import Request.
  Time since last request: 14.587208 seconds.
  path: Assets/modles/source/source/Materials/tex1_64x64_m_4f785a7668e39a48_14.mat
  artifactKey: Guid(18d65b7607da3ed4ab2d06437c48ec48) Importer(815301076,1909f56bfc062723c751e8b465ee728b)
Start importing Assets/modles/source/source/Materials/tex1_64x64_m_4f785a7668e39a48_14.mat using Guid(18d65b7607da3ed4ab2d06437c48ec48) Importer(815301076,1909f56bfc062723c751e8b465ee728b)  -> (artifact id: 'd28070e9cc61ceacc21d9a3c5df708c6') in 0.014068 seconds 
========================================================================
Received Import Request.
  Time since last request: 0.000025 seconds.
  path: Assets/modles/source/source/Materials/tex1_128x128_m_3c4da698bdbe3786_14.mat
  artifactKey: Guid(ae6ec11acf75e5c4689006ff683b2d71) Importer(815301076,1909f56bfc062723c751e8b465ee728b)
Start importing Assets/modles/source/source/Materials/tex1_128x128_m_3c4da698bdbe3786_14.mat using Guid(ae6ec11acf75e5c4689006ff683b2d71) Importer(815301076,1909f56bfc062723c751e8b465ee728b)  -> (artifact id: '272c488374c3bdb38daf95b1b54842b6') in 0.015015 seconds 
========================================================================
Received Import Request.
  Time since last request: 93.076175 seconds.
  path: Assets/modles/source/source/Materials/tex1_128x128_m_4daecf5e7dd03cf4_14.mat
  artifactKey: Guid(03fd6c24740215b43ae0e5271ec89617) Importer(815301076,1909f56bfc062723c751e8b465ee728b)
Start importing Assets/modles/source/source/Materials/tex1_128x128_m_4daecf5e7dd03cf4_14.mat using Guid(03fd6c24740215b43ae0e5271ec89617) Importer(815301076,1909f56bfc062723c751e8b465ee728b)  -> (artifact id: '69487663a974324cf2934dfa52a32788') in 0.010743 seconds 
========================================================================
Received Import Request.
  Time since last request: 39.702697 seconds.
  path: Assets/modles/source/textures/platform
  artifactKey: Guid(94d2a0d8105602b41aaed2aab2e3a3f6) Importer(815301076,1909f56bfc062723c751e8b465ee728b)
Start importing Assets/modles/source/textures/platform using Guid(94d2a0d8105602b41aaed2aab2e3a3f6) Importer(815301076,1909f56bfc062723c751e8b465ee728b)  -> (artifact id: '2cd06077191d7bf760a912dd10d97784') in 0.009611 seconds 
========================================================================
Received Prepare
Registering precompiled user dll's ...
Registered in 0.002234 seconds.
Begin MonoManager ReloadAssembly
Native extension for WindowsStandalone target not found
Native extension for iOS target not found
Native extension for Android target not found
Refreshing native plugins compatible for Editor in 0.24 ms, found 2 plugins.
Preloading 0 native plugins for Editor in 0.00 ms.
Mono: successfully reloaded assembly
- Completed reload, in  0.832 seconds
Domain Reload Profiling:
	ReloadAssembly (832ms)
		BeginReloadAssembly (124ms)
			ExecutionOrderSort (0ms)
			DisableScriptedObjects (4ms)
			BackupInstance (0ms)
			ReleaseScriptingObjects (0ms)
			CreateAndSetChildDomain (25ms)
		EndReloadAssembly (604ms)
			LoadAssemblies (80ms)
			RebuildTransferFunctionScriptingTraits (0ms)
			SetupTypeCache (170ms)
			ReleaseScriptCaches (1ms)
			RebuildScriptCaches (31ms)
			SetupLoadedEditorAssemblies (277ms)
				LogAssemblyErrors (0ms)
				InitializePlatformSupportModulesInManaged (23ms)
				SetLoadedEditorAssemblies (0ms)
				RefreshPlugins (0ms)
				BeforeProcessingInitializeOnLoad (36ms)
				ProcessInitializeOnLoadAttributes (186ms)
				ProcessInitializeOnLoadMethodAttributes (21ms)
				AfterProcessingInitializeOnLoad (10ms)
				EditorAssembliesLoaded (0ms)
			ExecutionOrderSort2 (0ms)
			AwakeInstancesAfterBackupRestoration (14ms)
Platform modules already initialized, skipping
Refreshing native plugins compatible for Editor in 1.09 ms, found 2 plugins.
Preloading 0 native plugins for Editor in 0.00 ms.
Unloading 1334 Unused Serialized files (Serialized files now loaded: 0)
Unloading 9 unused Assets / (24.6 KB). Loaded Objects now: 1911.
Memory consumption went from 67.2 MB to 67.1 MB.
Total: 2.734600 ms (FindLiveObjects: 0.139000 ms CreateObjectMapping: 0.052200 ms MarkObjects: 2.523600 ms  DeleteObjects: 0.018800 ms)

AssetImportParameters requested are different than current active one (requested -> active):
  custom:video-decoder-ogg-theora: a1e56fd34408186e4bbccfd4996cb3dc -> 
  custom:container-muxer-webm: aa71ff27fc2769a1b78a27578f13a17b -> 
  custom:container-demuxer-webm: 4f35f7cbe854078d1ac9338744f61a02 -> 
  custom:video-encoder-webm-vp8: eb34c28f22e8b96e1ab97ce403110664 -> 
  custom:audio-encoder-webm-vorbis: bf7c407c2cedff20999df2af8eb42d56 -> 
  custom:framework-win-MediaFoundation: 216162199b28c13a410421893ffa2e32 -> 
  custom:container-demuxer-ogg: 62fdf1f143b41e24485cea50d1cbac27 -> 
  custom:video-decoder-webm-vp8: 9c59270c3fd7afecdb556c50c9e8de78 -> 
  custom:audio-decoder-ogg-vorbis: bf7c407c2cedff20999df2af8eb42d56 -> 
========================================================================
Received Prepare
Registering precompiled user dll's ...
Registered in 0.002849 seconds.
Begin MonoManager ReloadAssembly
Native extension for WindowsStandalone target not found
Native extension for iOS target not found
Native extension for Android target not found
Refreshing native plugins compatible for Editor in 0.26 ms, found 2 plugins.
Preloading 0 native plugins for Editor in 0.00 ms.
Mono: successfully reloaded assembly
- Completed reload, in  0.841 seconds
Domain Reload Profiling:
	ReloadAssembly (841ms)
		BeginReloadAssembly (135ms)
			ExecutionOrderSort (0ms)
			DisableScriptedObjects (6ms)
			BackupInstance (0ms)
			ReleaseScriptingObjects (0ms)
			CreateAndSetChildDomain (27ms)
		EndReloadAssembly (614ms)
			LoadAssemblies (87ms)
			RebuildTransferFunctionScriptingTraits (0ms)
			SetupTypeCache (172ms)
			ReleaseScriptCaches (1ms)
			RebuildScriptCaches (32ms)
			SetupLoadedEditorAssemblies (279ms)
				LogAssemblyErrors (0ms)
				InitializePlatformSupportModulesInManaged (24ms)
				SetLoadedEditorAssemblies (0ms)
				RefreshPlugins (0ms)
				BeforeProcessingInitializeOnLoad (38ms)
				ProcessInitializeOnLoadAttributes (183ms)
				ProcessInitializeOnLoadMethodAttributes (22ms)
				AfterProcessingInitializeOnLoad (11ms)
				EditorAssembliesLoaded (0ms)
			ExecutionOrderSort2 (0ms)
			AwakeInstancesAfterBackupRestoration (15ms)
Platform modules already initialized, skipping
Refreshing native plugins compatible for Editor in 0.94 ms, found 2 plugins.
Preloading 0 native plugins for Editor in 0.00 ms.
Unloading 1334 Unused Serialized files (Serialized files now loaded: 0)
Unloading 9 unused Assets / (24.6 KB). Loaded Objects now: 1914.
Memory consumption went from 67.2 MB to 67.2 MB.
Total: 2.319400 ms (FindLiveObjects: 0.132900 ms CreateObjectMapping: 0.043900 ms MarkObjects: 2.124300 ms  DeleteObjects: 0.017300 ms)

AssetImportParameters requested are different than current active one (requested -> active):
  custom:video-decoder-ogg-theora: a1e56fd34408186e4bbccfd4996cb3dc -> 
  custom:container-muxer-webm: aa71ff27fc2769a1b78a27578f13a17b -> 
  custom:container-demuxer-webm: 4f35f7cbe854078d1ac9338744f61a02 -> 
  custom:video-encoder-webm-vp8: eb34c28f22e8b96e1ab97ce403110664 -> 
  custom:audio-encoder-webm-vorbis: bf7c407c2cedff20999df2af8eb42d56 -> 
  custom:framework-win-MediaFoundation: 216162199b28c13a410421893ffa2e32 -> 
  custom:container-demuxer-ogg: 62fdf1f143b41e24485cea50d1cbac27 -> 
  custom:video-decoder-webm-vp8: 9c59270c3fd7afecdb556c50c9e8de78 -> 
  custom:audio-decoder-ogg-vorbis: bf7c407c2cedff20999df2af8eb42d56 -> 
========================================================================
Received Prepare
Registering precompiled user dll's ...
Registered in 0.002201 seconds.
Begin MonoManager ReloadAssembly
Native extension for WindowsStandalone target not found
Native extension for iOS target not found
Native extension for Android target not found
Refreshing native plugins compatible for Editor in 0.24 ms, found 2 plugins.
Preloading 0 native plugins for Editor in 0.00 ms.
Mono: successfully reloaded assembly
- Completed reload, in  0.816 seconds
Domain Reload Profiling:
	ReloadAssembly (816ms)
		BeginReloadAssembly (120ms)
			ExecutionOrderSort (0ms)
			DisableScriptedObjects (6ms)
			BackupInstance (0ms)
			ReleaseScriptingObjects (0ms)
			CreateAndSetChildDomain (24ms)
		EndReloadAssembly (606ms)
			LoadAssemblies (75ms)
			RebuildTransferFunctionScriptingTraits (0ms)
			SetupTypeCache (159ms)
			ReleaseScriptCaches (1ms)
			RebuildScriptCaches (32ms)
			SetupLoadedEditorAssemblies (279ms)
				LogAssemblyErrors (0ms)
				InitializePlatformSupportModulesInManaged (23ms)
				SetLoadedEditorAssemblies (0ms)
				RefreshPlugins (0ms)
				BeforeProcessingInitializeOnLoad (40ms)
				ProcessInitializeOnLoadAttributes (183ms)
				ProcessInitializeOnLoadMethodAttributes (22ms)
				AfterProcessingInitializeOnLoad (9ms)
				EditorAssembliesLoaded (0ms)
			ExecutionOrderSort2 (0ms)
			AwakeInstancesAfterBackupRestoration (15ms)
Platform modules already initialized, skipping
Refreshing native plugins compatible for Editor in 0.97 ms, found 2 plugins.
Preloading 0 native plugins for Editor in 0.00 ms.
Unloading 1334 Unused Serialized files (Serialized files now loaded: 0)
Unloading 9 unused Assets / (24.6 KB). Loaded Objects now: 1917.
Memory consumption went from 67.2 MB to 67.2 MB.
Total: 3.004100 ms (FindLiveObjects: 0.137600 ms CreateObjectMapping: 0.045200 ms MarkObjects: 2.803400 ms  DeleteObjects: 0.017100 ms)

AssetImportParameters requested are different than current active one (requested -> active):
  custom:video-decoder-ogg-theora: a1e56fd34408186e4bbccfd4996cb3dc -> 
  custom:container-muxer-webm: aa71ff27fc2769a1b78a27578f13a17b -> 
  custom:container-demuxer-webm: 4f35f7cbe854078d1ac9338744f61a02 -> 
  custom:video-encoder-webm-vp8: eb34c28f22e8b96e1ab97ce403110664 -> 
  custom:audio-encoder-webm-vorbis: bf7c407c2cedff20999df2af8eb42d56 -> 
  custom:framework-win-MediaFoundation: 216162199b28c13a410421893ffa2e32 -> 
  custom:container-demuxer-ogg: 62fdf1f143b41e24485cea50d1cbac27 -> 
  custom:video-decoder-webm-vp8: 9c59270c3fd7afecdb556c50c9e8de78 -> 
  custom:audio-decoder-ogg-vorbis: bf7c407c2cedff20999df2af8eb42d56 -> 
========================================================================
Received Prepare
Registering precompiled user dll's ...
Registered in 0.002184 seconds.
Begin MonoManager ReloadAssembly
Native extension for WindowsStandalone target not found
Native extension for iOS target not found
Native extension for Android target not found
Refreshing native plugins compatible for Editor in 0.24 ms, found 2 plugins.
Preloading 0 native plugins for Editor in 0.00 ms.
Mono: successfully reloaded assembly
- Completed reload, in  0.814 seconds
Domain Reload Profiling:
	ReloadAssembly (814ms)
		BeginReloadAssembly (122ms)
			ExecutionOrderSort (0ms)
			DisableScriptedObjects (5ms)
			BackupInstance (0ms)
			ReleaseScriptingObjects (0ms)
			CreateAndSetChildDomain (26ms)
		EndReloadAssembly (600ms)
			LoadAssemblies (78ms)
			RebuildTransferFunctionScriptingTraits (0ms)
			SetupTypeCache (156ms)
			ReleaseScriptCaches (1ms)
			RebuildScriptCaches (32ms)
			SetupLoadedEditorAssemblies (280ms)
				LogAssemblyErrors (0ms)
				InitializePlatformSupportModulesInManaged (23ms)
				SetLoadedEditorAssemblies (0ms)
				RefreshPlugins (0ms)
				BeforeProcessingInitializeOnLoad (44ms)
				ProcessInitializeOnLoadAttributes (182ms)
				ProcessInitializeOnLoadMethodAttributes (21ms)
				AfterProcessingInitializeOnLoad (9ms)
				EditorAssembliesLoaded (0ms)
			ExecutionOrderSort2 (0ms)
			AwakeInstancesAfterBackupRestoration (16ms)
Platform modules already initialized, skipping
Refreshing native plugins compatible for Editor in 1.56 ms, found 2 plugins.
Preloading 0 native plugins for Editor in 0.00 ms.
Unloading 1334 Unused Serialized files (Serialized files now loaded: 0)
Unloading 9 unused Assets / (24.6 KB). Loaded Objects now: 1920.
Memory consumption went from 67.2 MB to 67.2 MB.
Total: 2.918700 ms (FindLiveObjects: 0.131200 ms CreateObjectMapping: 0.054500 ms MarkObjects: 2.713700 ms  DeleteObjects: 0.018600 ms)

AssetImportParameters requested are different than current active one (requested -> active):
  custom:video-decoder-ogg-theora: a1e56fd34408186e4bbccfd4996cb3dc -> 
  custom:container-muxer-webm: aa71ff27fc2769a1b78a27578f13a17b -> 
  custom:container-demuxer-webm: 4f35f7cbe854078d1ac9338744f61a02 -> 
  custom:video-encoder-webm-vp8: eb34c28f22e8b96e1ab97ce403110664 -> 
  custom:audio-encoder-webm-vorbis: bf7c407c2cedff20999df2af8eb42d56 -> 
  custom:framework-win-MediaFoundation: 216162199b28c13a410421893ffa2e32 -> 
  custom:container-demuxer-ogg: 62fdf1f143b41e24485cea50d1cbac27 -> 
  custom:video-decoder-webm-vp8: 9c59270c3fd7afecdb556c50c9e8de78 -> 
  custom:audio-decoder-ogg-vorbis: bf7c407c2cedff20999df2af8eb42d56 -> 
========================================================================
Received Import Request.
  Time since last request: 279.244990 seconds.
  path: Assets/prfabs/player.prefab
  artifactKey: Guid(1d68c05fbf47f594ba1e38012dd5241c) Importer(815301076,1909f56bfc062723c751e8b465ee728b)
Start importing Assets/prfabs/player.prefab using Guid(1d68c05fbf47f594ba1e38012dd5241c) Importer(815301076,1909f56bfc062723c751e8b465ee728b)  -> (artifact id: 'a989b044c3c4f24df2b59c8cd843d9bf') in 0.071932 seconds 
========================================================================
Received Import Request.
  Time since last request: 17.142429 seconds.
  path: Assets/prfabs/Falling Platform.prefab
  artifactKey: Guid(eca08b85c21168247b4aeca9f1716226) Importer(815301076,1909f56bfc062723c751e8b465ee728b)
Start importing Assets/prfabs/Falling Platform.prefab using Guid(eca08b85c21168247b4aeca9f1716226) Importer(815301076,1909f56bfc062723c751e8b465ee728b)  -> (artifact id: '1430d087ac24efe7af4d1012f5a0b06e') in 0.016008 seconds 
========================================================================
Received Prepare
Registering precompiled user dll's ...
Registered in 0.003417 seconds.
Begin MonoManager ReloadAssembly
Native extension for WindowsStandalone target not found
Native extension for iOS target not found
Native extension for Android target not found
Refreshing native plugins compatible for Editor in 0.26 ms, found 2 plugins.
Preloading 0 native plugins for Editor in 0.00 ms.
Mono: successfully reloaded assembly
- Completed reload, in  0.829 seconds
Domain Reload Profiling:
	ReloadAssembly (830ms)
		BeginReloadAssembly (120ms)
			ExecutionOrderSort (0ms)
			DisableScriptedObjects (5ms)
			BackupInstance (0ms)
			ReleaseScriptingObjects (0ms)
			CreateAndSetChildDomain (25ms)
		EndReloadAssembly (624ms)
			LoadAssemblies (74ms)
			RebuildTransferFunctionScriptingTraits (0ms)
			SetupTypeCache (181ms)
			ReleaseScriptCaches (1ms)
			RebuildScriptCaches (31ms)
			SetupLoadedEditorAssemblies (287ms)
				LogAssemblyErrors (0ms)
				InitializePlatformSupportModulesInManaged (28ms)
				SetLoadedEditorAssemblies (0ms)
				RefreshPlugins (0ms)
				BeforeProcessingInitializeOnLoad (43ms)
				ProcessInitializeOnLoadAttributes (182ms)
				ProcessInitializeOnLoadMethodAttributes (23ms)
				AfterProcessingInitializeOnLoad (10ms)
				EditorAssembliesLoaded (0ms)
			ExecutionOrderSort2 (0ms)
			AwakeInstancesAfterBackupRestoration (15ms)
Platform modules already initialized, skipping
Refreshing native plugins compatible for Editor in 1.11 ms, found 2 plugins.
Preloading 0 native plugins for Editor in 0.00 ms.
Unloading 1334 Unused Serialized files (Serialized files now loaded: 0)
Unloading 9 unused Assets / (24.6 KB). Loaded Objects now: 1925.
Memory consumption went from 67.3 MB to 67.3 MB.
Total: 2.202500 ms (FindLiveObjects: 0.130100 ms CreateObjectMapping: 0.045000 ms MarkObjects: 2.009600 ms  DeleteObjects: 0.016600 ms)

AssetImportParameters requested are different than current active one (requested -> active):
  custom:video-decoder-ogg-theora: a1e56fd34408186e4bbccfd4996cb3dc -> 
  custom:container-muxer-webm: aa71ff27fc2769a1b78a27578f13a17b -> 
  custom:container-demuxer-webm: 4f35f7cbe854078d1ac9338744f61a02 -> 
  custom:video-encoder-webm-vp8: eb34c28f22e8b96e1ab97ce403110664 -> 
  custom:audio-encoder-webm-vorbis: bf7c407c2cedff20999df2af8eb42d56 -> 
  custom:framework-win-MediaFoundation: 216162199b28c13a410421893ffa2e32 -> 
  custom:container-demuxer-ogg: 62fdf1f143b41e24485cea50d1cbac27 -> 
  custom:video-decoder-webm-vp8: 9c59270c3fd7afecdb556c50c9e8de78 -> 
  custom:audio-decoder-ogg-vorbis: bf7c407c2cedff20999df2af8eb42d56 -> 
========================================================================
Received Prepare
Registering precompiled user dll's ...
Registered in 0.002823 seconds.
Begin MonoManager ReloadAssembly
Native extension for WindowsStandalone target not found
Native extension for iOS target not found
Native extension for Android target not found
Refreshing native plugins compatible for Editor in 0.37 ms, found 2 plugins.
Preloading 0 native plugins for Editor in 0.00 ms.
Mono: successfully reloaded assembly
- Completed reload, in  0.810 seconds
Domain Reload Profiling:
	ReloadAssembly (811ms)
		BeginReloadAssembly (123ms)
			ExecutionOrderSort (0ms)
			DisableScriptedObjects (5ms)
			BackupInstance (0ms)
			ReleaseScriptingObjects (0ms)
			CreateAndSetChildDomain (26ms)
		EndReloadAssembly (596ms)
			LoadAssemblies (75ms)
			RebuildTransferFunctionScriptingTraits (0ms)
			SetupTypeCache (163ms)
			ReleaseScriptCaches (1ms)
			RebuildScriptCaches (35ms)
			SetupLoadedEditorAssemblies (273ms)
				LogAssemblyErrors (0ms)
				InitializePlatformSupportModulesInManaged (24ms)
				SetLoadedEditorAssemblies (1ms)
				RefreshPlugins (0ms)
				BeforeProcessingInitializeOnLoad (44ms)
				ProcessInitializeOnLoadAttributes (173ms)
				ProcessInitializeOnLoadMethodAttributes (21ms)
				AfterProcessingInitializeOnLoad (9ms)
				EditorAssembliesLoaded (0ms)
			ExecutionOrderSort2 (0ms)
			AwakeInstancesAfterBackupRestoration (18ms)
Platform modules already initialized, skipping
Refreshing native plugins compatible for Editor in 1.25 ms, found 2 plugins.
Preloading 0 native plugins for Editor in 0.00 ms.
Unloading 1334 Unused Serialized files (Serialized files now loaded: 0)
Unloading 9 unused Assets / (24.6 KB). Loaded Objects now: 1928.
Memory consumption went from 67.3 MB to 67.3 MB.
Total: 2.753500 ms (FindLiveObjects: 0.137800 ms CreateObjectMapping: 0.047500 ms MarkObjects: 2.550000 ms  DeleteObjects: 0.017200 ms)

AssetImportParameters requested are different than current active one (requested -> active):
  custom:video-decoder-ogg-theora: a1e56fd34408186e4bbccfd4996cb3dc -> 
  custom:container-muxer-webm: aa71ff27fc2769a1b78a27578f13a17b -> 
  custom:container-demuxer-webm: 4f35f7cbe854078d1ac9338744f61a02 -> 
  custom:video-encoder-webm-vp8: eb34c28f22e8b96e1ab97ce403110664 -> 
  custom:audio-encoder-webm-vorbis: bf7c407c2cedff20999df2af8eb42d56 -> 
  custom:framework-win-MediaFoundation: 216162199b28c13a410421893ffa2e32 -> 
  custom:container-demuxer-ogg: 62fdf1f143b41e24485cea50d1cbac27 -> 
  custom:video-decoder-webm-vp8: 9c59270c3fd7afecdb556c50c9e8de78 -> 
  custom:audio-decoder-ogg-vorbis: bf7c407c2cedff20999df2af8eb42d56 -> 
========================================================================
Received Import Request.
  Time since last request: 311.408912 seconds.
  path: Assets/textures/red_rock_texture_by_dachande99_d1zfpib-fullview.jpg
  artifactKey: Guid(5ba6a1519482db3489ad3535edc105bb) Importer(815301076,1909f56bfc062723c751e8b465ee728b)
Start importing Assets/textures/red_rock_texture_by_dachande99_d1zfpib-fullview.jpg using Guid(5ba6a1519482db3489ad3535edc105bb) Importer(815301076,1909f56bfc062723c751e8b465ee728b)  -> (artifact id: 'aaa5b0b0efc75e2edfe7b480c5fdc8b1') in 0.037379 seconds 
========================================================================
Received Prepare
Registering precompiled user dll's ...
Registered in 0.003056 seconds.
Begin MonoManager ReloadAssembly
Native extension for WindowsStandalone target not found
Native extension for iOS target not found
Native extension for Android target not found
Refreshing native plugins compatible for Editor in 0.27 ms, found 2 plugins.
Preloading 0 native plugins for Editor in 0.00 ms.
Mono: successfully reloaded assembly
- Completed reload, in  0.907 seconds
Domain Reload Profiling:
	ReloadAssembly (908ms)
		BeginReloadAssembly (133ms)
			ExecutionOrderSort (0ms)
			DisableScriptedObjects (5ms)
			BackupInstance (0ms)
			ReleaseScriptingObjects (0ms)
			CreateAndSetChildDomain (25ms)
		EndReloadAssembly (680ms)
			LoadAssemblies (86ms)
			RebuildTransferFunctionScriptingTraits (0ms)
			SetupTypeCache (181ms)
			ReleaseScriptCaches (1ms)
			RebuildScriptCaches (42ms)
			SetupLoadedEditorAssemblies (304ms)
				LogAssemblyErrors (0ms)
				InitializePlatformSupportModulesInManaged (28ms)
				SetLoadedEditorAssemblies (0ms)
				RefreshPlugins (0ms)
				BeforeProcessingInitializeOnLoad (49ms)
				ProcessInitializeOnLoadAttributes (194ms)
				ProcessInitializeOnLoadMethodAttributes (23ms)
				AfterProcessingInitializeOnLoad (10ms)
				EditorAssembliesLoaded (0ms)
			ExecutionOrderSort2 (0ms)
			AwakeInstancesAfterBackupRestoration (18ms)
Platform modules already initialized, skipping
Refreshing native plugins compatible for Editor in 1.19 ms, found 2 plugins.
Preloading 0 native plugins for Editor in 0.00 ms.
Unloading 1334 Unused Serialized files (Serialized files now loaded: 0)
Unloading 9 unused Assets / (24.5 KB). Loaded Objects now: 1931.
Memory consumption went from 67.3 MB to 67.3 MB.
Total: 2.185400 ms (FindLiveObjects: 0.130400 ms CreateObjectMapping: 0.043900 ms MarkObjects: 1.993500 ms  DeleteObjects: 0.016700 ms)

AssetImportParameters requested are different than current active one (requested -> active):
  custom:video-decoder-ogg-theora: a1e56fd34408186e4bbccfd4996cb3dc -> 
  custom:container-muxer-webm: aa71ff27fc2769a1b78a27578f13a17b -> 
  custom:container-demuxer-webm: 4f35f7cbe854078d1ac9338744f61a02 -> 
  custom:video-encoder-webm-vp8: eb34c28f22e8b96e1ab97ce403110664 -> 
  custom:audio-encoder-webm-vorbis: bf7c407c2cedff20999df2af8eb42d56 -> 
  custom:framework-win-MediaFoundation: 216162199b28c13a410421893ffa2e32 -> 
  custom:container-demuxer-ogg: 62fdf1f143b41e24485cea50d1cbac27 -> 
  custom:video-decoder-webm-vp8: 9c59270c3fd7afecdb556c50c9e8de78 -> 
  custom:audio-decoder-ogg-vorbis: bf7c407c2cedff20999df2af8eb42d56 -> 
========================================================================
Received Prepare
Registering precompiled user dll's ...
Registered in 0.002818 seconds.
Begin MonoManager ReloadAssembly
Native extension for WindowsStandalone target not found
Native extension for iOS target not found
Native extension for Android target not found
Refreshing native plugins compatible for Editor in 0.25 ms, found 2 plugins.
Preloading 0 native plugins for Editor in 0.00 ms.
Mono: successfully reloaded assembly
- Completed reload, in  0.945 seconds
Domain Reload Profiling:
	ReloadAssembly (946ms)
		BeginReloadAssembly (149ms)
			ExecutionOrderSort (0ms)
			DisableScriptedObjects (6ms)
			BackupInstance (0ms)
			ReleaseScriptingObjects (0ms)
			CreateAndSetChildDomain (29ms)
		EndReloadAssembly (683ms)
			LoadAssemblies (97ms)
			RebuildTransferFunctionScriptingTraits (0ms)
			SetupTypeCache (187ms)
			ReleaseScriptCaches (1ms)
			RebuildScriptCaches (40ms)
			SetupLoadedEditorAssemblies (295ms)
				LogAssemblyErrors (0ms)
				InitializePlatformSupportModulesInManaged (29ms)
				SetLoadedEditorAssemblies (0ms)
				RefreshPlugins (0ms)
				BeforeProcessingInitializeOnLoad (47ms)
				ProcessInitializeOnLoadAttributes (186ms)
				ProcessInitializeOnLoadMethodAttributes (22ms)
				AfterProcessingInitializeOnLoad (9ms)
				EditorAssembliesLoaded (0ms)
			ExecutionOrderSort2 (0ms)
			AwakeInstancesAfterBackupRestoration (17ms)
Platform modules already initialized, skipping
Refreshing native plugins compatible for Editor in 1.01 ms, found 2 plugins.
Preloading 0 native plugins for Editor in 0.00 ms.
Unloading 1334 Unused Serialized files (Serialized files now loaded: 0)
Unloading 9 unused Assets / (24.6 KB). Loaded Objects now: 1934.
Memory consumption went from 67.3 MB to 67.3 MB.
Total: 2.781400 ms (FindLiveObjects: 0.139100 ms CreateObjectMapping: 0.056000 ms MarkObjects: 2.567800 ms  DeleteObjects: 0.017400 ms)

AssetImportParameters requested are different than current active one (requested -> active):
  custom:video-decoder-ogg-theora: a1e56fd34408186e4bbccfd4996cb3dc -> 
  custom:container-muxer-webm: aa71ff27fc2769a1b78a27578f13a17b -> 
  custom:container-demuxer-webm: 4f35f7cbe854078d1ac9338744f61a02 -> 
  custom:video-encoder-webm-vp8: eb34c28f22e8b96e1ab97ce403110664 -> 
  custom:audio-encoder-webm-vorbis: bf7c407c2cedff20999df2af8eb42d56 -> 
  custom:framework-win-MediaFoundation: 216162199b28c13a410421893ffa2e32 -> 
  custom:container-demuxer-ogg: 62fdf1f143b41e24485cea50d1cbac27 -> 
  custom:video-decoder-webm-vp8: 9c59270c3fd7afecdb556c50c9e8de78 -> 
  custom:audio-decoder-ogg-vorbis: bf7c407c2cedff20999df2af8eb42d56 -> 
========================================================================
Received Prepare
Registering precompiled user dll's ...
Registered in 0.002470 seconds.
Begin MonoManager ReloadAssembly
Native extension for WindowsStandalone target not found
Native extension for iOS target not found
Native extension for Android target not found
Refreshing native plugins compatible for Editor in 0.37 ms, found 2 plugins.
Preloading 0 native plugins for Editor in 0.00 ms.
Mono: successfully reloaded assembly
- Completed reload, in  0.896 seconds
Domain Reload Profiling:
	ReloadAssembly (896ms)
		BeginReloadAssembly (134ms)
			ExecutionOrderSort (0ms)
			DisableScriptedObjects (6ms)
			BackupInstance (0ms)
			ReleaseScriptingObjects (0ms)
			CreateAndSetChildDomain (30ms)
		EndReloadAssembly (669ms)
			LoadAssemblies (82ms)
			RebuildTransferFunctionScriptingTraits (0ms)
			SetupTypeCache (178ms)
			ReleaseScriptCaches (1ms)
			RebuildScriptCaches (41ms)
			SetupLoadedEditorAssemblies (296ms)
				LogAssemblyErrors (0ms)
				InitializePlatformSupportModulesInManaged (32ms)
				SetLoadedEditorAssemblies (1ms)
				RefreshPlugins (0ms)
				BeforeProcessingInitializeOnLoad (47ms)
				ProcessInitializeOnLoadAttributes (184ms)
				ProcessInitializeOnLoadMethodAttributes (22ms)
				AfterProcessingInitializeOnLoad (10ms)
				EditorAssembliesLoaded (0ms)
			ExecutionOrderSort2 (0ms)
			AwakeInstancesAfterBackupRestoration (15ms)
Platform modules already initialized, skipping
Refreshing native plugins compatible for Editor in 1.38 ms, found 2 plugins.
Preloading 0 native plugins for Editor in 0.00 ms.
Unloading 1334 Unused Serialized files (Serialized files now loaded: 0)
Unloading 9 unused Assets / (24.6 KB). Loaded Objects now: 1937.
Memory consumption went from 67.3 MB to 67.3 MB.
Total: 3.860800 ms (FindLiveObjects: 0.149800 ms CreateObjectMapping: 0.062400 ms MarkObjects: 3.626100 ms  DeleteObjects: 0.021400 ms)

AssetImportParameters requested are different than current active one (requested -> active):
  custom:video-decoder-ogg-theora: a1e56fd34408186e4bbccfd4996cb3dc -> 
  custom:container-muxer-webm: aa71ff27fc2769a1b78a27578f13a17b -> 
  custom:container-demuxer-webm: 4f35f7cbe854078d1ac9338744f61a02 -> 
  custom:video-encoder-webm-vp8: eb34c28f22e8b96e1ab97ce403110664 -> 
  custom:audio-encoder-webm-vorbis: bf7c407c2cedff20999df2af8eb42d56 -> 
  custom:framework-win-MediaFoundation: 216162199b28c13a410421893ffa2e32 -> 
  custom:container-demuxer-ogg: 62fdf1f143b41e24485cea50d1cbac27 -> 
  custom:video-decoder-webm-vp8: 9c59270c3fd7afecdb556c50c9e8de78 -> 
  custom:audio-decoder-ogg-vorbis: bf7c407c2cedff20999df2af8eb42d56 -> 
========================================================================
Received Prepare
Registering precompiled user dll's ...
Registered in 0.004718 seconds.
Begin MonoManager ReloadAssembly
Symbol file LoadedFromMemory doesn't match image C:\Users\Students\Documents\Indie's crap ideas\final take 2\Library\PackageCache\com.unity.visualscripting@1.8.0\Editor\VisualScripting.Core\Dependencies\YamlDotNet\Unity.VisualScripting.YamlDotNet.dll
Symbol file LoadedFromMemory doesn't match image C:\Users\Students\Documents\Indie's crap ideas\final take 2\Library\PackageCache\com.unity.visualscripting@1.8.0\Editor\VisualScripting.Core\Dependencies\DotNetZip\Unity.VisualScripting.IonicZip.dll
Native extension for WindowsStandalone target not found
Native extension for iOS target not found
Native extension for Android target not found
Refreshing native plugins compatible for Editor in 0.41 ms, found 3 plugins.
Preloading 0 native plugins for Editor in 0.00 ms.
Mono: successfully reloaded assembly
- Completed reload, in  1.021 seconds
Domain Reload Profiling:
	ReloadAssembly (1023ms)
		BeginReloadAssembly (302ms)
			ExecutionOrderSort (0ms)
			DisableScriptedObjects (42ms)
			BackupInstance (0ms)
			ReleaseScriptingObjects (0ms)
			CreateAndSetChildDomain (105ms)
		EndReloadAssembly (619ms)
			LoadAssemblies (112ms)
			RebuildTransferFunctionScriptingTraits (0ms)
			SetupTypeCache (205ms)
			ReleaseScriptCaches (1ms)
			RebuildScriptCaches (31ms)
			SetupLoadedEditorAssemblies (252ms)
				LogAssemblyErrors (0ms)
				InitializePlatformSupportModulesInManaged (24ms)
				SetLoadedEditorAssemblies (0ms)
				RefreshPlugins (0ms)
				BeforeProcessingInitializeOnLoad (39ms)
				ProcessInitializeOnLoadAttributes (164ms)
				ProcessInitializeOnLoadMethodAttributes (16ms)
				AfterProcessingInitializeOnLoad (8ms)
				EditorAssembliesLoaded (0ms)
			ExecutionOrderSort2 (0ms)
			AwakeInstancesAfterBackupRestoration (12ms)
Platform modules already initialized, skipping
Refreshing native plugins compatible for Editor in 2.07 ms, found 3 plugins.
Preloading 0 native plugins for Editor in 0.00 ms.
Unloading 2915 Unused Serialized files (Serialized files now loaded: 0)
Unloading 14 unused Assets / (24.7 KB). Loaded Objects now: 3516.
Memory consumption went from 108.0 MB to 108.0 MB.
Total: 2.867700 ms (FindLiveObjects: 0.235600 ms CreateObjectMapping: 0.143900 ms MarkObjects: 2.465900 ms  DeleteObjects: 0.021600 ms)

AssetImportParameters requested are different than current active one (requested -> active):
  custom:video-decoder-ogg-theora: a1e56fd34408186e4bbccfd4996cb3dc -> 
  custom:container-muxer-webm: aa71ff27fc2769a1b78a27578f13a17b -> 
  custom:container-demuxer-webm: 4f35f7cbe854078d1ac9338744f61a02 -> 
  custom:video-encoder-webm-vp8: eb34c28f22e8b96e1ab97ce403110664 -> 
  custom:audio-encoder-webm-vorbis: bf7c407c2cedff20999df2af8eb42d56 -> 
  custom:framework-win-MediaFoundation: 216162199b28c13a410421893ffa2e32 -> 
  custom:container-demuxer-ogg: 62fdf1f143b41e24485cea50d1cbac27 -> 
  custom:video-decoder-webm-vp8: 9c59270c3fd7afecdb556c50c9e8de78 -> 
  custom:audio-decoder-ogg-vorbis: bf7c407c2cedff20999df2af8eb42d56 -> 
